[2021-03-21 09:38:30] local.ERROR: No Database connection yet in VoyagerServiceProvider loadAuth()  
[2021-03-21 09:38:30] local.ERROR: View [index] not found. {"exception":"[object] (InvalidArgumentException(code: 0): View [index] not found. at /home/kshitiz/Documents/Projects/gym-jankari/vendor/laravel/framework/src/Illuminate/View/FileViewFinder.php:137)
[stacktrace]
#0 /home/kshitiz/Documents/Projects/gym-jankari/vendor/laravel/framework/src/Illuminate/View/FileViewFinder.php(79): Illuminate\\View\\FileViewFinder->findInPaths()
#1 /home/kshitiz/Documents/Projects/gym-jankari/vendor/laravel/framework/src/Illuminate/View/Factory.php(138): Illuminate\\View\\FileViewFinder->find()
#2 /home/kshitiz/Documents/Projects/gym-jankari/vendor/laravel/framework/src/Illuminate/Foundation/helpers.php(901): Illuminate\\View\\Factory->make()
#3 /home/kshitiz/Documents/Projects/gym-jankari/routes/web.php(39): view()
#4 /home/kshitiz/Documents/Projects/gym-jankari/vendor/laravel/framework/src/Illuminate/Routing/Route.php(230): Illuminate\\Routing\\RouteFileRegistrar->{closure}()
#5 /home/kshitiz/Documents/Projects/gym-jankari/vendor/laravel/framework/src/Illuminate/Routing/Route.php(200): Illuminate\\Routing\\Route->runCallable()
#6 /home/kshitiz/Documents/Projects/gym-jankari/vendor/laravel/framework/src/Illuminate/Routing/Router.php(693): Illuminate\\Routing\\Route->run()
#7 /home/kshitiz/Documents/Projects/gym-jankari/vendor/laravel/framework/src/Illuminate/Pipeline/Pipeline.php(128): Illuminate\\Routing\\Router->Illuminate\\Routing\\{closure}()
#8 /home/kshitiz/Documents/Projects/gym-jankari/vendor/laravel/framework/src/Illuminate/Routing/Middleware/SubstituteBindings.php(50): Illuminate\\Pipeline\\Pipeline->Illuminate\\Pipeline\\{closure}()
#9 /home/kshitiz/Documents/Projects/gym-jankari/vendor/laravel/framework/src/Illuminate/Pipeline/Pipeline.php(167): Illuminate\\Routing\\Middleware\\SubstituteBindings->handle()
#10 /home/kshitiz/Documents/Projects/gym-jankari/vendor/laravel/framework/src/Illuminate/Foundation/Http/Middleware/VerifyCsrfToken.php(78): Illuminate\\Pipeline\\Pipeline->Illuminate\\Pipeline\\{closure}()
#11 /home/kshitiz/Documents/Projects/gym-jankari/vendor/laravel/framework/src/Illuminate/Pipeline/Pipeline.php(167): Illuminate\\Foundation\\Http\\Middleware\\VerifyCsrfToken->handle()
#12 /home/kshitiz/Documents/Projects/gym-jankari/vendor/laravel/framework/src/Illuminate/View/Middleware/ShareErrorsFromSession.php(49): Illuminate\\Pipeline\\Pipeline->Illuminate\\Pipeline\\{closure}()
#13 /home/kshitiz/Documents/Projects/gym-jankari/vendor/laravel/framework/src/Illuminate/Pipeline/Pipeline.php(167): Illuminate\\View\\Middleware\\ShareErrorsFromSession->handle()
#14 /home/kshitiz/Documents/Projects/gym-jankari/vendor/laravel/framework/src/Illuminate/Session/Middleware/StartSession.php(121): Illuminate\\Pipeline\\Pipeline->Illuminate\\Pipeline\\{closure}()
#15 /home/kshitiz/Documents/Projects/gym-jankari/vendor/laravel/framework/src/Illuminate/Session/Middleware/StartSession.php(63): Illuminate\\Session\\Middleware\\StartSession->handleStatefulRequest()
#16 /home/kshitiz/Documents/Projects/gym-jankari/vendor/laravel/framework/src/Illuminate/Pipeline/Pipeline.php(167): Illuminate\\Session\\Middleware\\StartSession->handle()
#17 /home/kshitiz/Documents/Projects/gym-jankari/vendor/laravel/framework/src/Illuminate/Cookie/Middleware/AddQueuedCookiesToResponse.php(37): Illuminate\\Pipeline\\Pipeline->Illuminate\\Pipeline\\{closure}()
#18 /home/kshitiz/Documents/Projects/gym-jankari/vendor/laravel/framework/src/Illuminate/Pipeline/Pipeline.php(167): Illuminate\\Cookie\\Middleware\\AddQueuedCookiesToResponse->handle()
#19 /home/kshitiz/Documents/Projects/gym-jankari/vendor/laravel/framework/src/Illuminate/Cookie/Middleware/EncryptCookies.php(67): Illuminate\\Pipeline\\Pipeline->Illuminate\\Pipeline\\{closure}()
#20 /home/kshitiz/Documents/Projects/gym-jankari/vendor/laravel/framework/src/Illuminate/Pipeline/Pipeline.php(167): Illuminate\\Cookie\\Middleware\\EncryptCookies->handle()
#21 /home/kshitiz/Documents/Projects/gym-jankari/vendor/laravel/framework/src/Illuminate/Pipeline/Pipeline.php(103): Illuminate\\Pipeline\\Pipeline->Illuminate\\Pipeline\\{closure}()
#22 /home/kshitiz/Documents/Projects/gym-jankari/vendor/laravel/framework/src/Illuminate/Routing/Router.php(695): Illuminate\\Pipeline\\Pipeline->then()
#23 /home/kshitiz/Documents/Projects/gym-jankari/vendor/laravel/framework/src/Illuminate/Routing/Router.php(670): Illuminate\\Routing\\Router->runRouteWithinStack()
#24 /home/kshitiz/Documents/Projects/gym-jankari/vendor/laravel/framework/src/Illuminate/Routing/Router.php(636): Illuminate\\Routing\\Router->runRoute()
#25 /home/kshitiz/Documents/Projects/gym-jankari/vendor/laravel/framework/src/Illuminate/Routing/Router.php(625): Illuminate\\Routing\\Router->dispatchToRoute()
#26 /home/kshitiz/Documents/Projects/gym-jankari/vendor/laravel/framework/src/Illuminate/Foundation/Http/Kernel.php(166): Illuminate\\Routing\\Router->dispatch()
#27 /home/kshitiz/Documents/Projects/gym-jankari/vendor/laravel/framework/src/Illuminate/Pipeline/Pipeline.php(128): Illuminate\\Foundation\\Http\\Kernel->Illuminate\\Foundation\\Http\\{closure}()
#28 /home/kshitiz/Documents/Projects/gym-jankari/vendor/laravel/framework/src/Illuminate/Foundation/Http/Middleware/TransformsRequest.php(21): Illuminate\\Pipeline\\Pipeline->Illuminate\\Pipeline\\{closure}()
#29 /home/kshitiz/Documents/Projects/gym-jankari/vendor/laravel/framework/src/Illuminate/Pipeline/Pipeline.php(167): Illuminate\\Foundation\\Http\\Middleware\\TransformsRequest->handle()
#30 /home/kshitiz/Documents/Projects/gym-jankari/vendor/laravel/framework/src/Illuminate/Foundation/Http/Middleware/TransformsRequest.php(21): Illuminate\\Pipeline\\Pipeline->Illuminate\\Pipeline\\{closure}()
#31 /home/kshitiz/Documents/Projects/gym-jankari/vendor/laravel/framework/src/Illuminate/Pipeline/Pipeline.php(167): Illuminate\\Foundation\\Http\\Middleware\\TransformsRequest->handle()
#32 /home/kshitiz/Documents/Projects/gym-jankari/vendor/laravel/framework/src/Illuminate/Foundation/Http/Middleware/ValidatePostSize.php(27): Illuminate\\Pipeline\\Pipeline->Illuminate\\Pipeline\\{closure}()
#33 /home/kshitiz/Documents/Projects/gym-jankari/vendor/laravel/framework/src/Illuminate/Pipeline/Pipeline.php(167): Illuminate\\Foundation\\Http\\Middleware\\ValidatePostSize->handle()
#34 /home/kshitiz/Documents/Projects/gym-jankari/vendor/laravel/framework/src/Illuminate/Foundation/Http/Middleware/PreventRequestsDuringMaintenance.php(86): Illuminate\\Pipeline\\Pipeline->Illuminate\\Pipeline\\{closure}()
#35 /home/kshitiz/Documents/Projects/gym-jankari/vendor/laravel/framework/src/Illuminate/Pipeline/Pipeline.php(167): Illuminate\\Foundation\\Http\\Middleware\\PreventRequestsDuringMaintenance->handle()
#36 /home/kshitiz/Documents/Projects/gym-jankari/vendor/fruitcake/laravel-cors/src/HandleCors.php(37): Illuminate\\Pipeline\\Pipeline->Illuminate\\Pipeline\\{closure}()
#37 /home/kshitiz/Documents/Projects/gym-jankari/vendor/laravel/framework/src/Illuminate/Pipeline/Pipeline.php(167): Fruitcake\\Cors\\HandleCors->handle()
#38 /home/kshitiz/Documents/Projects/gym-jankari/vendor/fideloper/proxy/src/TrustProxies.php(57): Illuminate\\Pipeline\\Pipeline->Illuminate\\Pipeline\\{closure}()
#39 /home/kshitiz/Documents/Projects/gym-jankari/vendor/laravel/framework/src/Illuminate/Pipeline/Pipeline.php(167): Fideloper\\Proxy\\TrustProxies->handle()
#40 /home/kshitiz/Documents/Projects/gym-jankari/vendor/laravel/framework/src/Illuminate/Pipeline/Pipeline.php(103): Illuminate\\Pipeline\\Pipeline->Illuminate\\Pipeline\\{closure}()
#41 /home/kshitiz/Documents/Projects/gym-jankari/vendor/laravel/framework/src/Illuminate/Foundation/Http/Kernel.php(141): Illuminate\\Pipeline\\Pipeline->then()
#42 /home/kshitiz/Documents/Projects/gym-jankari/vendor/laravel/framework/src/Illuminate/Foundation/Http/Kernel.php(110): Illuminate\\Foundation\\Http\\Kernel->sendRequestThroughRouter()
#43 /home/kshitiz/Documents/Projects/gym-jankari/public/index.php(52): Illuminate\\Foundation\\Http\\Kernel->handle()
#44 {main}
"} 
[2021-03-21 09:38:30] local.ERROR: file_put_contents(C:\xampp\htdocs\gym-jankari\storage\framework/sessions/xhHzPf5RZt6La7yAABHazGp6vnVPyWKd7Rgc0wMY): failed to open stream: No such file or directory {"exception":"[object] (ErrorException(code: 0): file_put_contents(C:\\xampp\\htdocs\\gym-jankari\\storage\\framework/sessions/xhHzPf5RZt6La7yAABHazGp6vnVPyWKd7Rgc0wMY): failed to open stream: No such file or directory at /home/kshitiz/Documents/Projects/gym-jankari/vendor/laravel/framework/src/Illuminate/Filesystem/Filesystem.php:185)
[stacktrace]
#0 [internal function]: Illuminate\\Foundation\\Bootstrap\\HandleExceptions->handleError()
#1 /home/kshitiz/Documents/Projects/gym-jankari/vendor/laravel/framework/src/Illuminate/Filesystem/Filesystem.php(185): file_put_contents()
#2 /home/kshitiz/Documents/Projects/gym-jankari/vendor/laravel/framework/src/Illuminate/Session/FileSessionHandler.php(83): Illuminate\\Filesystem\\Filesystem->put()
#3 /home/kshitiz/Documents/Projects/gym-jankari/vendor/laravel/framework/src/Illuminate/Session/Store.php(129): Illuminate\\Session\\FileSessionHandler->write()
#4 /home/kshitiz/Documents/Projects/gym-jankari/vendor/laravel/framework/src/Illuminate/Session/Middleware/StartSession.php(236): Illuminate\\Session\\Store->save()
#5 /home/kshitiz/Documents/Projects/gym-jankari/vendor/laravel/framework/src/Illuminate/Session/Middleware/StartSession.php(130): Illuminate\\Session\\Middleware\\StartSession->saveSession()
#6 /home/kshitiz/Documents/Projects/gym-jankari/vendor/laravel/framework/src/Illuminate/Session/Middleware/StartSession.php(63): Illuminate\\Session\\Middleware\\StartSession->handleStatefulRequest()
#7 /home/kshitiz/Documents/Projects/gym-jankari/vendor/laravel/framework/src/Illuminate/Pipeline/Pipeline.php(167): Illuminate\\Session\\Middleware\\StartSession->handle()
#8 /home/kshitiz/Documents/Projects/gym-jankari/vendor/laravel/framework/src/Illuminate/Cookie/Middleware/AddQueuedCookiesToResponse.php(37): Illuminate\\Pipeline\\Pipeline->Illuminate\\Pipeline\\{closure}()
#9 /home/kshitiz/Documents/Projects/gym-jankari/vendor/laravel/framework/src/Illuminate/Pipeline/Pipeline.php(167): Illuminate\\Cookie\\Middleware\\AddQueuedCookiesToResponse->handle()
#10 /home/kshitiz/Documents/Projects/gym-jankari/vendor/laravel/framework/src/Illuminate/Cookie/Middleware/EncryptCookies.php(67): Illuminate\\Pipeline\\Pipeline->Illuminate\\Pipeline\\{closure}()
#11 /home/kshitiz/Documents/Projects/gym-jankari/vendor/laravel/framework/src/Illuminate/Pipeline/Pipeline.php(167): Illuminate\\Cookie\\Middleware\\EncryptCookies->handle()
#12 /home/kshitiz/Documents/Projects/gym-jankari/vendor/laravel/framework/src/Illuminate/Pipeline/Pipeline.php(103): Illuminate\\Pipeline\\Pipeline->Illuminate\\Pipeline\\{closure}()
#13 /home/kshitiz/Documents/Projects/gym-jankari/vendor/laravel/framework/src/Illuminate/Routing/Router.php(695): Illuminate\\Pipeline\\Pipeline->then()
#14 /home/kshitiz/Documents/Projects/gym-jankari/vendor/laravel/framework/src/Illuminate/Routing/Router.php(670): Illuminate\\Routing\\Router->runRouteWithinStack()
#15 /home/kshitiz/Documents/Projects/gym-jankari/vendor/laravel/framework/src/Illuminate/Routing/Router.php(636): Illuminate\\Routing\\Router->runRoute()
#16 /home/kshitiz/Documents/Projects/gym-jankari/vendor/laravel/framework/src/Illuminate/Routing/Router.php(625): Illuminate\\Routing\\Router->dispatchToRoute()
#17 /home/kshitiz/Documents/Projects/gym-jankari/vendor/laravel/framework/src/Illuminate/Foundation/Http/Kernel.php(166): Illuminate\\Routing\\Router->dispatch()
#18 /home/kshitiz/Documents/Projects/gym-jankari/vendor/laravel/framework/src/Illuminate/Pipeline/Pipeline.php(128): Illuminate\\Foundation\\Http\\Kernel->Illuminate\\Foundation\\Http\\{closure}()
#19 /home/kshitiz/Documents/Projects/gym-jankari/vendor/laravel/framework/src/Illuminate/Foundation/Http/Middleware/TransformsRequest.php(21): Illuminate\\Pipeline\\Pipeline->Illuminate\\Pipeline\\{closure}()
#20 /home/kshitiz/Documents/Projects/gym-jankari/vendor/laravel/framework/src/Illuminate/Pipeline/Pipeline.php(167): Illuminate\\Foundation\\Http\\Middleware\\TransformsRequest->handle()
#21 /home/kshitiz/Documents/Projects/gym-jankari/vendor/laravel/framework/src/Illuminate/Foundation/Http/Middleware/TransformsRequest.php(21): Illuminate\\Pipeline\\Pipeline->Illuminate\\Pipeline\\{closure}()
#22 /home/kshitiz/Documents/Projects/gym-jankari/vendor/laravel/framework/src/Illuminate/Pipeline/Pipeline.php(167): Illuminate\\Foundation\\Http\\Middleware\\TransformsRequest->handle()
#23 /home/kshitiz/Documents/Projects/gym-jankari/vendor/laravel/framework/src/Illuminate/Foundation/Http/Middleware/ValidatePostSize.php(27): Illuminate\\Pipeline\\Pipeline->Illuminate\\Pipeline\\{closure}()
#24 /home/kshitiz/Documents/Projects/gym-jankari/vendor/laravel/framework/src/Illuminate/Pipeline/Pipeline.php(167): Illuminate\\Foundation\\Http\\Middleware\\ValidatePostSize->handle()
#25 /home/kshitiz/Documents/Projects/gym-jankari/vendor/laravel/framework/src/Illuminate/Foundation/Http/Middleware/PreventRequestsDuringMaintenance.php(86): Illuminate\\Pipeline\\Pipeline->Illuminate\\Pipeline\\{closure}()
#26 /home/kshitiz/Documents/Projects/gym-jankari/vendor/laravel/framework/src/Illuminate/Pipeline/Pipeline.php(167): Illuminate\\Foundation\\Http\\Middleware\\PreventRequestsDuringMaintenance->handle()
#27 /home/kshitiz/Documents/Projects/gym-jankari/vendor/fruitcake/laravel-cors/src/HandleCors.php(37): Illuminate\\Pipeline\\Pipeline->Illuminate\\Pipeline\\{closure}()
#28 /home/kshitiz/Documents/Projects/gym-jankari/vendor/laravel/framework/src/Illuminate/Pipeline/Pipeline.php(167): Fruitcake\\Cors\\HandleCors->handle()
#29 /home/kshitiz/Documents/Projects/gym-jankari/vendor/fideloper/proxy/src/TrustProxies.php(57): Illuminate\\Pipeline\\Pipeline->Illuminate\\Pipeline\\{closure}()
#30 /home/kshitiz/Documents/Projects/gym-jankari/vendor/laravel/framework/src/Illuminate/Pipeline/Pipeline.php(167): Fideloper\\Proxy\\TrustProxies->handle()
#31 /home/kshitiz/Documents/Projects/gym-jankari/vendor/laravel/framework/src/Illuminate/Pipeline/Pipeline.php(103): Illuminate\\Pipeline\\Pipeline->Illuminate\\Pipeline\\{closure}()
#32 /home/kshitiz/Documents/Projects/gym-jankari/vendor/laravel/framework/src/Illuminate/Foundation/Http/Kernel.php(141): Illuminate\\Pipeline\\Pipeline->then()
#33 /home/kshitiz/Documents/Projects/gym-jankari/vendor/laravel/framework/src/Illuminate/Foundation/Http/Kernel.php(110): Illuminate\\Foundation\\Http\\Kernel->sendRequestThroughRouter()
#34 /home/kshitiz/Documents/Projects/gym-jankari/public/index.php(52): Illuminate\\Foundation\\Http\\Kernel->handle()
#35 {main}
"} 
[2021-03-21 09:41:14] local.ERROR: No Database connection yet in VoyagerServiceProvider loadAuth()  
[2021-03-21 09:41:14] local.ERROR: View [index] not found. {"exception":"[object] (InvalidArgumentException(code: 0): View [index] not found. at /home/kshitiz/Documents/Projects/gym-jankari/vendor/laravel/framework/src/Illuminate/View/FileViewFinder.php:137)
[stacktrace]
#0 /home/kshitiz/Documents/Projects/gym-jankari/vendor/laravel/framework/src/Illuminate/View/FileViewFinder.php(79): Illuminate\\View\\FileViewFinder->findInPaths()
#1 /home/kshitiz/Documents/Projects/gym-jankari/vendor/laravel/framework/src/Illuminate/View/Factory.php(138): Illuminate\\View\\FileViewFinder->find()
#2 /home/kshitiz/Documents/Projects/gym-jankari/vendor/laravel/framework/src/Illuminate/Foundation/helpers.php(901): Illuminate\\View\\Factory->make()
#3 /home/kshitiz/Documents/Projects/gym-jankari/routes/web.php(39): view()
#4 /home/kshitiz/Documents/Projects/gym-jankari/vendor/laravel/framework/src/Illuminate/Routing/Route.php(230): Illuminate\\Routing\\RouteFileRegistrar->{closure}()
#5 /home/kshitiz/Documents/Projects/gym-jankari/vendor/laravel/framework/src/Illuminate/Routing/Route.php(200): Illuminate\\Routing\\Route->runCallable()
#6 /home/kshitiz/Documents/Projects/gym-jankari/vendor/laravel/framework/src/Illuminate/Routing/Router.php(693): Illuminate\\Routing\\Route->run()
#7 /home/kshitiz/Documents/Projects/gym-jankari/vendor/laravel/framework/src/Illuminate/Pipeline/Pipeline.php(128): Illuminate\\Routing\\Router->Illuminate\\Routing\\{closure}()
#8 /home/kshitiz/Documents/Projects/gym-jankari/vendor/laravel/framework/src/Illuminate/Routing/Middleware/SubstituteBindings.php(50): Illuminate\\Pipeline\\Pipeline->Illuminate\\Pipeline\\{closure}()
#9 /home/kshitiz/Documents/Projects/gym-jankari/vendor/laravel/framework/src/Illuminate/Pipeline/Pipeline.php(167): Illuminate\\Routing\\Middleware\\SubstituteBindings->handle()
#10 /home/kshitiz/Documents/Projects/gym-jankari/vendor/laravel/framework/src/Illuminate/Foundation/Http/Middleware/VerifyCsrfToken.php(78): Illuminate\\Pipeline\\Pipeline->Illuminate\\Pipeline\\{closure}()
#11 /home/kshitiz/Documents/Projects/gym-jankari/vendor/laravel/framework/src/Illuminate/Pipeline/Pipeline.php(167): Illuminate\\Foundation\\Http\\Middleware\\VerifyCsrfToken->handle()
#12 /home/kshitiz/Documents/Projects/gym-jankari/vendor/laravel/framework/src/Illuminate/View/Middleware/ShareErrorsFromSession.php(49): Illuminate\\Pipeline\\Pipeline->Illuminate\\Pipeline\\{closure}()
#13 /home/kshitiz/Documents/Projects/gym-jankari/vendor/laravel/framework/src/Illuminate/Pipeline/Pipeline.php(167): Illuminate\\View\\Middleware\\ShareErrorsFromSession->handle()
#14 /home/kshitiz/Documents/Projects/gym-jankari/vendor/laravel/framework/src/Illuminate/Session/Middleware/StartSession.php(121): Illuminate\\Pipeline\\Pipeline->Illuminate\\Pipeline\\{closure}()
#15 /home/kshitiz/Documents/Projects/gym-jankari/vendor/laravel/framework/src/Illuminate/Session/Middleware/StartSession.php(63): Illuminate\\Session\\Middleware\\StartSession->handleStatefulRequest()
#16 /home/kshitiz/Documents/Projects/gym-jankari/vendor/laravel/framework/src/Illuminate/Pipeline/Pipeline.php(167): Illuminate\\Session\\Middleware\\StartSession->handle()
#17 /home/kshitiz/Documents/Projects/gym-jankari/vendor/laravel/framework/src/Illuminate/Cookie/Middleware/AddQueuedCookiesToResponse.php(37): Illuminate\\Pipeline\\Pipeline->Illuminate\\Pipeline\\{closure}()
#18 /home/kshitiz/Documents/Projects/gym-jankari/vendor/laravel/framework/src/Illuminate/Pipeline/Pipeline.php(167): Illuminate\\Cookie\\Middleware\\AddQueuedCookiesToResponse->handle()
#19 /home/kshitiz/Documents/Projects/gym-jankari/vendor/laravel/framework/src/Illuminate/Cookie/Middleware/EncryptCookies.php(67): Illuminate\\Pipeline\\Pipeline->Illuminate\\Pipeline\\{closure}()
#20 /home/kshitiz/Documents/Projects/gym-jankari/vendor/laravel/framework/src/Illuminate/Pipeline/Pipeline.php(167): Illuminate\\Cookie\\Middleware\\EncryptCookies->handle()
#21 /home/kshitiz/Documents/Projects/gym-jankari/vendor/laravel/framework/src/Illuminate/Pipeline/Pipeline.php(103): Illuminate\\Pipeline\\Pipeline->Illuminate\\Pipeline\\{closure}()
#22 /home/kshitiz/Documents/Projects/gym-jankari/vendor/laravel/framework/src/Illuminate/Routing/Router.php(695): Illuminate\\Pipeline\\Pipeline->then()
#23 /home/kshitiz/Documents/Projects/gym-jankari/vendor/laravel/framework/src/Illuminate/Routing/Router.php(670): Illuminate\\Routing\\Router->runRouteWithinStack()
#24 /home/kshitiz/Documents/Projects/gym-jankari/vendor/laravel/framework/src/Illuminate/Routing/Router.php(636): Illuminate\\Routing\\Router->runRoute()
#25 /home/kshitiz/Documents/Projects/gym-jankari/vendor/laravel/framework/src/Illuminate/Routing/Router.php(625): Illuminate\\Routing\\Router->dispatchToRoute()
#26 /home/kshitiz/Documents/Projects/gym-jankari/vendor/laravel/framework/src/Illuminate/Foundation/Http/Kernel.php(166): Illuminate\\Routing\\Router->dispatch()
#27 /home/kshitiz/Documents/Projects/gym-jankari/vendor/laravel/framework/src/Illuminate/Pipeline/Pipeline.php(128): Illuminate\\Foundation\\Http\\Kernel->Illuminate\\Foundation\\Http\\{closure}()
#28 /home/kshitiz/Documents/Projects/gym-jankari/vendor/laravel/framework/src/Illuminate/Foundation/Http/Middleware/TransformsRequest.php(21): Illuminate\\Pipeline\\Pipeline->Illuminate\\Pipeline\\{closure}()
#29 /home/kshitiz/Documents/Projects/gym-jankari/vendor/laravel/framework/src/Illuminate/Pipeline/Pipeline.php(167): Illuminate\\Foundation\\Http\\Middleware\\TransformsRequest->handle()
#30 /home/kshitiz/Documents/Projects/gym-jankari/vendor/laravel/framework/src/Illuminate/Foundation/Http/Middleware/TransformsRequest.php(21): Illuminate\\Pipeline\\Pipeline->Illuminate\\Pipeline\\{closure}()
#31 /home/kshitiz/Documents/Projects/gym-jankari/vendor/laravel/framework/src/Illuminate/Pipeline/Pipeline.php(167): Illuminate\\Foundation\\Http\\Middleware\\TransformsRequest->handle()
#32 /home/kshitiz/Documents/Projects/gym-jankari/vendor/laravel/framework/src/Illuminate/Foundation/Http/Middleware/ValidatePostSize.php(27): Illuminate\\Pipeline\\Pipeline->Illuminate\\Pipeline\\{closure}()
#33 /home/kshitiz/Documents/Projects/gym-jankari/vendor/laravel/framework/src/Illuminate/Pipeline/Pipeline.php(167): Illuminate\\Foundation\\Http\\Middleware\\ValidatePostSize->handle()
#34 /home/kshitiz/Documents/Projects/gym-jankari/vendor/laravel/framework/src/Illuminate/Foundation/Http/Middleware/PreventRequestsDuringMaintenance.php(86): Illuminate\\Pipeline\\Pipeline->Illuminate\\Pipeline\\{closure}()
#35 /home/kshitiz/Documents/Projects/gym-jankari/vendor/laravel/framework/src/Illuminate/Pipeline/Pipeline.php(167): Illuminate\\Foundation\\Http\\Middleware\\PreventRequestsDuringMaintenance->handle()
#36 /home/kshitiz/Documents/Projects/gym-jankari/vendor/fruitcake/laravel-cors/src/HandleCors.php(37): Illuminate\\Pipeline\\Pipeline->Illuminate\\Pipeline\\{closure}()
#37 /home/kshitiz/Documents/Projects/gym-jankari/vendor/laravel/framework/src/Illuminate/Pipeline/Pipeline.php(167): Fruitcake\\Cors\\HandleCors->handle()
#38 /home/kshitiz/Documents/Projects/gym-jankari/vendor/fideloper/proxy/src/TrustProxies.php(57): Illuminate\\Pipeline\\Pipeline->Illuminate\\Pipeline\\{closure}()
#39 /home/kshitiz/Documents/Projects/gym-jankari/vendor/laravel/framework/src/Illuminate/Pipeline/Pipeline.php(167): Fideloper\\Proxy\\TrustProxies->handle()
#40 /home/kshitiz/Documents/Projects/gym-jankari/vendor/laravel/framework/src/Illuminate/Pipeline/Pipeline.php(103): Illuminate\\Pipeline\\Pipeline->Illuminate\\Pipeline\\{closure}()
#41 /home/kshitiz/Documents/Projects/gym-jankari/vendor/laravel/framework/src/Illuminate/Foundation/Http/Kernel.php(141): Illuminate\\Pipeline\\Pipeline->then()
#42 /home/kshitiz/Documents/Projects/gym-jankari/vendor/laravel/framework/src/Illuminate/Foundation/Http/Kernel.php(110): Illuminate\\Foundation\\Http\\Kernel->sendRequestThroughRouter()
#43 /home/kshitiz/Documents/Projects/gym-jankari/public/index.php(52): Illuminate\\Foundation\\Http\\Kernel->handle()
#44 {main}
"} 
[2021-03-21 09:41:14] local.ERROR: file_put_contents(C:\xampp\htdocs\gym-jankari\storage\framework/sessions/3pyTqW4aXKHxnkHEL5OspAvr08Y1Msngjmbx0ox3): failed to open stream: No such file or directory {"exception":"[object] (ErrorException(code: 0): file_put_contents(C:\\xampp\\htdocs\\gym-jankari\\storage\\framework/sessions/3pyTqW4aXKHxnkHEL5OspAvr08Y1Msngjmbx0ox3): failed to open stream: No such file or directory at /home/kshitiz/Documents/Projects/gym-jankari/vendor/laravel/framework/src/Illuminate/Filesystem/Filesystem.php:185)
[stacktrace]
#0 [internal function]: Illuminate\\Foundation\\Bootstrap\\HandleExceptions->handleError()
#1 /home/kshitiz/Documents/Projects/gym-jankari/vendor/laravel/framework/src/Illuminate/Filesystem/Filesystem.php(185): file_put_contents()
#2 /home/kshitiz/Documents/Projects/gym-jankari/vendor/laravel/framework/src/Illuminate/Session/FileSessionHandler.php(83): Illuminate\\Filesystem\\Filesystem->put()
#3 /home/kshitiz/Documents/Projects/gym-jankari/vendor/laravel/framework/src/Illuminate/Session/Store.php(129): Illuminate\\Session\\FileSessionHandler->write()
#4 /home/kshitiz/Documents/Projects/gym-jankari/vendor/laravel/framework/src/Illuminate/Session/Middleware/StartSession.php(236): Illuminate\\Session\\Store->save()
#5 /home/kshitiz/Documents/Projects/gym-jankari/vendor/laravel/framework/src/Illuminate/Session/Middleware/StartSession.php(130): Illuminate\\Session\\Middleware\\StartSession->saveSession()
#6 /home/kshitiz/Documents/Projects/gym-jankari/vendor/laravel/framework/src/Illuminate/Session/Middleware/StartSession.php(63): Illuminate\\Session\\Middleware\\StartSession->handleStatefulRequest()
#7 /home/kshitiz/Documents/Projects/gym-jankari/vendor/laravel/framework/src/Illuminate/Pipeline/Pipeline.php(167): Illuminate\\Session\\Middleware\\StartSession->handle()
#8 /home/kshitiz/Documents/Projects/gym-jankari/vendor/laravel/framework/src/Illuminate/Cookie/Middleware/AddQueuedCookiesToResponse.php(37): Illuminate\\Pipeline\\Pipeline->Illuminate\\Pipeline\\{closure}()
#9 /home/kshitiz/Documents/Projects/gym-jankari/vendor/laravel/framework/src/Illuminate/Pipeline/Pipeline.php(167): Illuminate\\Cookie\\Middleware\\AddQueuedCookiesToResponse->handle()
#10 /home/kshitiz/Documents/Projects/gym-jankari/vendor/laravel/framework/src/Illuminate/Cookie/Middleware/EncryptCookies.php(67): Illuminate\\Pipeline\\Pipeline->Illuminate\\Pipeline\\{closure}()
#11 /home/kshitiz/Documents/Projects/gym-jankari/vendor/laravel/framework/src/Illuminate/Pipeline/Pipeline.php(167): Illuminate\\Cookie\\Middleware\\EncryptCookies->handle()
#12 /home/kshitiz/Documents/Projects/gym-jankari/vendor/laravel/framework/src/Illuminate/Pipeline/Pipeline.php(103): Illuminate\\Pipeline\\Pipeline->Illuminate\\Pipeline\\{closure}()
#13 /home/kshitiz/Documents/Projects/gym-jankari/vendor/laravel/framework/src/Illuminate/Routing/Router.php(695): Illuminate\\Pipeline\\Pipeline->then()
#14 /home/kshitiz/Documents/Projects/gym-jankari/vendor/laravel/framework/src/Illuminate/Routing/Router.php(670): Illuminate\\Routing\\Router->runRouteWithinStack()
#15 /home/kshitiz/Documents/Projects/gym-jankari/vendor/laravel/framework/src/Illuminate/Routing/Router.php(636): Illuminate\\Routing\\Router->runRoute()
#16 /home/kshitiz/Documents/Projects/gym-jankari/vendor/laravel/framework/src/Illuminate/Routing/Router.php(625): Illuminate\\Routing\\Router->dispatchToRoute()
#17 /home/kshitiz/Documents/Projects/gym-jankari/vendor/laravel/framework/src/Illuminate/Foundation/Http/Kernel.php(166): Illuminate\\Routing\\Router->dispatch()
#18 /home/kshitiz/Documents/Projects/gym-jankari/vendor/laravel/framework/src/Illuminate/Pipeline/Pipeline.php(128): Illuminate\\Foundation\\Http\\Kernel->Illuminate\\Foundation\\Http\\{closure}()
#19 /home/kshitiz/Documents/Projects/gym-jankari/vendor/laravel/framework/src/Illuminate/Foundation/Http/Middleware/TransformsRequest.php(21): Illuminate\\Pipeline\\Pipeline->Illuminate\\Pipeline\\{closure}()
#20 /home/kshitiz/Documents/Projects/gym-jankari/vendor/laravel/framework/src/Illuminate/Pipeline/Pipeline.php(167): Illuminate\\Foundation\\Http\\Middleware\\TransformsRequest->handle()
#21 /home/kshitiz/Documents/Projects/gym-jankari/vendor/laravel/framework/src/Illuminate/Foundation/Http/Middleware/TransformsRequest.php(21): Illuminate\\Pipeline\\Pipeline->Illuminate\\Pipeline\\{closure}()
#22 /home/kshitiz/Documents/Projects/gym-jankari/vendor/laravel/framework/src/Illuminate/Pipeline/Pipeline.php(167): Illuminate\\Foundation\\Http\\Middleware\\TransformsRequest->handle()
#23 /home/kshitiz/Documents/Projects/gym-jankari/vendor/laravel/framework/src/Illuminate/Foundation/Http/Middleware/ValidatePostSize.php(27): Illuminate\\Pipeline\\Pipeline->Illuminate\\Pipeline\\{closure}()
#24 /home/kshitiz/Documents/Projects/gym-jankari/vendor/laravel/framework/src/Illuminate/Pipeline/Pipeline.php(167): Illuminate\\Foundation\\Http\\Middleware\\ValidatePostSize->handle()
#25 /home/kshitiz/Documents/Projects/gym-jankari/vendor/laravel/framework/src/Illuminate/Foundation/Http/Middleware/PreventRequestsDuringMaintenance.php(86): Illuminate\\Pipeline\\Pipeline->Illuminate\\Pipeline\\{closure}()
#26 /home/kshitiz/Documents/Projects/gym-jankari/vendor/laravel/framework/src/Illuminate/Pipeline/Pipeline.php(167): Illuminate\\Foundation\\Http\\Middleware\\PreventRequestsDuringMaintenance->handle()
#27 /home/kshitiz/Documents/Projects/gym-jankari/vendor/fruitcake/laravel-cors/src/HandleCors.php(37): Illuminate\\Pipeline\\Pipeline->Illuminate\\Pipeline\\{closure}()
#28 /home/kshitiz/Documents/Projects/gym-jankari/vendor/laravel/framework/src/Illuminate/Pipeline/Pipeline.php(167): Fruitcake\\Cors\\HandleCors->handle()
#29 /home/kshitiz/Documents/Projects/gym-jankari/vendor/fideloper/proxy/src/TrustProxies.php(57): Illuminate\\Pipeline\\Pipeline->Illuminate\\Pipeline\\{closure}()
#30 /home/kshitiz/Documents/Projects/gym-jankari/vendor/laravel/framework/src/Illuminate/Pipeline/Pipeline.php(167): Fideloper\\Proxy\\TrustProxies->handle()
#31 /home/kshitiz/Documents/Projects/gym-jankari/vendor/laravel/framework/src/Illuminate/Pipeline/Pipeline.php(103): Illuminate\\Pipeline\\Pipeline->Illuminate\\Pipeline\\{closure}()
#32 /home/kshitiz/Documents/Projects/gym-jankari/vendor/laravel/framework/src/Illuminate/Foundation/Http/Kernel.php(141): Illuminate\\Pipeline\\Pipeline->then()
#33 /home/kshitiz/Documents/Projects/gym-jankari/vendor/laravel/framework/src/Illuminate/Foundation/Http/Kernel.php(110): Illuminate\\Foundation\\Http\\Kernel->sendRequestThroughRouter()
#34 /home/kshitiz/Documents/Projects/gym-jankari/public/index.php(52): Illuminate\\Foundation\\Http\\Kernel->handle()
#35 {main}
"} 
